2021-04-21 11:55:49.152  INFO 105094 --- [restartedMain] t.m.c.ClassicmodelsApplication           : Starting ClassicmodelsApplication using Java 11.0.10 on sulaco with PID 105094 (/home/aarmijo/Proyectos/git/certificacion-td/classicmodels/target/classes started by aarmijo in /home/aarmijo/Proyectos/git/certificacion-td/classicmodels)
2021-04-21 11:55:49.153  INFO 105094 --- [restartedMain] t.m.c.ClassicmodelsApplication           : The following profiles are active: dev
2021-04-21 11:55:49.240  INFO 105094 --- [restartedMain] .s.d.r.c.RepositoryConfigurationDelegate : Bootstrapping Spring Data JPA repositories in DEFAULT mode.
2021-04-21 11:55:49.244  INFO 105094 --- [restartedMain] .s.d.r.c.RepositoryConfigurationDelegate : Finished Spring Data repository scanning in 4 ms. Found 2 JPA repository interfaces.
2021-04-21 11:55:49.297  INFO 105094 --- [restartedMain] o.s.b.w.embedded.tomcat.TomcatWebServer  : Tomcat initialized with port(s): 8080 (http)
2021-04-21 11:55:49.298  INFO 105094 --- [restartedMain] o.apache.catalina.core.StandardService   : Starting service [Tomcat]
2021-04-21 11:55:49.298  INFO 105094 --- [restartedMain] org.apache.catalina.core.StandardEngine  : Starting Servlet engine: [Apache Tomcat/9.0.43]
2021-04-21 11:55:49.337  INFO 105094 --- [restartedMain] org.apache.jasper.servlet.TldScanner     : At least one JAR was scanned for TLDs yet contained no TLDs. Enable debug logging for this logger for a complete list of JARs that were scanned but no TLDs were found in them. Skipping unneeded JARs during scanning can improve startup time and JSP compilation time.
2021-04-21 11:55:49.338  INFO 105094 --- [restartedMain] o.a.c.c.C.[Tomcat].[localhost].[/]       : Initializing Spring embedded WebApplicationContext
2021-04-21 11:55:49.338  INFO 105094 --- [restartedMain] w.s.c.ServletWebServerApplicationContext : Root WebApplicationContext: initialization completed in 184 ms
2021-04-21 11:55:49.364  INFO 105094 --- [restartedMain] o.hibernate.jpa.internal.util.LogHelper  : HHH000204: Processing PersistenceUnitInfo [name: default]
2021-04-21 11:55:49.368  INFO 105094 --- [restartedMain] com.zaxxer.hikari.HikariDataSource       : HikariPool-51 - Starting...
2021-04-21 11:55:49.386  INFO 105094 --- [restartedMain] com.zaxxer.hikari.HikariDataSource       : HikariPool-51 - Start completed.
2021-04-21 11:55:49.387  INFO 105094 --- [restartedMain] org.hibernate.dialect.Dialect            : HHH000400: Using dialect: org.hibernate.dialect.Oracle10gDialect
2021-04-21 11:55:49.432  INFO 105094 --- [restartedMain] o.h.e.t.j.p.i.JtaPlatformInitiator       : HHH000490: Using JtaPlatform implementation: [org.hibernate.engine.transaction.jta.platform.internal.NoJtaPlatform]
2021-04-21 11:55:49.432  INFO 105094 --- [restartedMain] j.LocalContainerEntityManagerFactoryBean : Initialized JPA EntityManagerFactory for persistence unit 'default'
2021-04-21 11:55:49.486  WARN 105094 --- [restartedMain] JpaBaseConfiguration$JpaWebConfiguration : spring.jpa.open-in-view is enabled by default. Therefore, database queries may be performed during view rendering. Explicitly configure spring.jpa.open-in-view to disable this warning
2021-04-21 11:55:49.523  INFO 105094 --- [restartedMain] o.s.s.concurrent.ThreadPoolTaskExecutor  : Initializing ExecutorService 'applicationTaskExecutor'
2021-04-21 11:55:49.579  INFO 105094 --- [restartedMain] o.s.b.d.a.OptionalLiveReloadServer       : LiveReload server is running on port 35729
2021-04-21 11:55:49.594  INFO 105094 --- [restartedMain] o.s.b.w.embedded.tomcat.TomcatWebServer  : Tomcat started on port(s): 8080 (http) with context path ''
2021-04-21 11:55:49.603  INFO 105094 --- [restartedMain] t.m.c.ClassicmodelsApplication           : Started ClassicmodelsApplication in 0.476 seconds (JVM running for 1799.14)
2021-04-21 11:55:49.611  INFO 105094 --- [restartedMain] .ConditionEvaluationDeltaLoggingListener : Condition evaluation unchanged
2021-04-21 11:55:49.624  INFO 105094 --- [http-nio-8080-exec-1] o.a.c.c.C.[Tomcat].[localhost].[/]       : Initializing Spring DispatcherServlet 'dispatcherServlet'
2021-04-21 11:55:49.626  INFO 105094 --- [http-nio-8080-exec-1] o.s.web.servlet.DispatcherServlet        : Initializing Servlet 'dispatcherServlet'
2021-04-21 11:55:49.627  INFO 105094 --- [http-nio-8080-exec-1] o.s.web.servlet.DispatcherServlet        : Completed initialization in 1 ms
2021-04-21 11:55:49.634  INFO 105094 --- [http-nio-8080-exec-1] t.m.c.service.ClassicModelsServiceImpl   : %, -1, 2003-01-06 00:00:00.0, 2005-05-31 00:00:00.0
2021-04-21 11:55:49.653  INFO 105094 --- [http-nio-8080-exec-1] t.m.c.controller.OrdersController        : ordenes para %, -1, null, null: 326
2021-04-21 11:56:00.891  INFO 105094 --- [RMI TCP Connection(111)-127.0.0.1] inMXBeanRegistrar$SpringApplicationAdmin : Application shutdown requested.
2021-04-21 11:56:00.911  INFO 105094 --- [RMI TCP Connection(111)-127.0.0.1] o.s.s.concurrent.ThreadPoolTaskExecutor  : Shutting down ExecutorService 'applicationTaskExecutor'
2021-04-21 11:56:00.911  INFO 105094 --- [RMI TCP Connection(111)-127.0.0.1] j.LocalContainerEntityManagerFactoryBean : Closing JPA EntityManagerFactory for persistence unit 'default'
2021-04-21 11:56:00.912  INFO 105094 --- [RMI TCP Connection(111)-127.0.0.1] com.zaxxer.hikari.HikariDataSource       : HikariPool-51 - Shutdown initiated...
2021-04-21 11:56:00.923  INFO 105094 --- [RMI TCP Connection(111)-127.0.0.1] com.zaxxer.hikari.HikariDataSource       : HikariPool-51 - Shutdown completed.
2021-04-21 11:56:03.636  INFO 130910 --- [restartedMain] t.m.c.ClassicmodelsApplication           : Starting ClassicmodelsApplication using Java 11.0.10 on sulaco with PID 130910 (/home/aarmijo/Proyectos/git/certificacion-td/classicmodels/target/classes started by aarmijo in /home/aarmijo/Proyectos/git/certificacion-td/classicmodels)
2021-04-21 11:56:03.638  INFO 130910 --- [restartedMain] t.m.c.ClassicmodelsApplication           : The following profiles are active: dev
2021-04-21 11:56:03.675  INFO 130910 --- [restartedMain] o.s.b.devtools.restart.ChangeableUrls    : The Class-Path manifest attribute in /home/aarmijo/.m2/repository/com/oracle/database/jdbc/ojdbc8/19.8.0.0/ojdbc8-19.8.0.0.jar referenced one or more files that do not exist: file:/home/aarmijo/.m2/repository/com/oracle/database/jdbc/ojdbc8/19.8.0.0/oraclepki.jar
2021-04-21 11:56:03.676  INFO 130910 --- [restartedMain] .e.DevToolsPropertyDefaultsPostProcessor : Devtools property defaults active! Set 'spring.devtools.add-properties' to 'false' to disable
2021-04-21 11:56:03.676  INFO 130910 --- [restartedMain] .e.DevToolsPropertyDefaultsPostProcessor : For additional web related logging consider setting the 'logging.level.web' property to 'DEBUG'
2021-04-21 11:56:04.142  INFO 130910 --- [restartedMain] .s.d.r.c.RepositoryConfigurationDelegate : Bootstrapping Spring Data JPA repositories in DEFAULT mode.
2021-04-21 11:56:04.176  INFO 130910 --- [restartedMain] .s.d.r.c.RepositoryConfigurationDelegate : Finished Spring Data repository scanning in 28 ms. Found 2 JPA repository interfaces.
2021-04-21 11:56:04.608  INFO 130910 --- [restartedMain] o.s.b.w.embedded.tomcat.TomcatWebServer  : Tomcat initialized with port(s): 8080 (http)
2021-04-21 11:56:04.616  INFO 130910 --- [restartedMain] o.apache.catalina.core.StandardService   : Starting service [Tomcat]
2021-04-21 11:56:04.616  INFO 130910 --- [restartedMain] org.apache.catalina.core.StandardEngine  : Starting Servlet engine: [Apache Tomcat/9.0.43]
2021-04-21 11:56:04.791  INFO 130910 --- [restartedMain] org.apache.jasper.servlet.TldScanner     : At least one JAR was scanned for TLDs yet contained no TLDs. Enable debug logging for this logger for a complete list of JARs that were scanned but no TLDs were found in them. Skipping unneeded JARs during scanning can improve startup time and JSP compilation time.
2021-04-21 11:56:04.799  INFO 130910 --- [restartedMain] o.a.c.c.C.[Tomcat].[localhost].[/]       : Initializing Spring embedded WebApplicationContext
2021-04-21 11:56:04.800  INFO 130910 --- [restartedMain] w.s.c.ServletWebServerApplicationContext : Root WebApplicationContext: initialization completed in 1123 ms
2021-04-21 11:56:04.955  INFO 130910 --- [restartedMain] o.hibernate.jpa.internal.util.LogHelper  : HHH000204: Processing PersistenceUnitInfo [name: default]
2021-04-21 11:56:04.992  INFO 130910 --- [restartedMain] org.hibernate.Version                    : HHH000412: Hibernate ORM core version 5.4.28.Final
2021-04-21 11:56:05.086  INFO 130910 --- [restartedMain] o.hibernate.annotations.common.Version   : HCANN000001: Hibernate Commons Annotations {5.1.2.Final}
2021-04-21 11:56:05.157  INFO 130910 --- [restartedMain] com.zaxxer.hikari.HikariDataSource       : HikariPool-1 - Starting...
2021-04-21 11:56:05.344  INFO 130910 --- [restartedMain] com.zaxxer.hikari.HikariDataSource       : HikariPool-1 - Start completed.
2021-04-21 11:56:05.356  INFO 130910 --- [restartedMain] org.hibernate.dialect.Dialect            : HHH000400: Using dialect: org.hibernate.dialect.Oracle10gDialect
2021-04-21 11:56:05.916  INFO 130910 --- [restartedMain] o.h.e.t.j.p.i.JtaPlatformInitiator       : HHH000490: Using JtaPlatform implementation: [org.hibernate.engine.transaction.jta.platform.internal.NoJtaPlatform]
2021-04-21 11:56:05.923  INFO 130910 --- [restartedMain] j.LocalContainerEntityManagerFactoryBean : Initialized JPA EntityManagerFactory for persistence unit 'default'
2021-04-21 11:56:06.279  WARN 130910 --- [restartedMain] JpaBaseConfiguration$JpaWebConfiguration : spring.jpa.open-in-view is enabled by default. Therefore, database queries may be performed during view rendering. Explicitly configure spring.jpa.open-in-view to disable this warning
2021-04-21 11:56:06.360  INFO 130910 --- [restartedMain] o.s.s.concurrent.ThreadPoolTaskExecutor  : Initializing ExecutorService 'applicationTaskExecutor'
2021-04-21 11:56:06.519  INFO 130910 --- [restartedMain] o.s.b.d.a.OptionalLiveReloadServer       : LiveReload server is running on port 35729
2021-04-21 11:56:06.549  INFO 130910 --- [restartedMain] o.s.b.w.embedded.tomcat.TomcatWebServer  : Tomcat started on port(s): 8080 (http) with context path ''
2021-04-21 11:56:06.557  INFO 130910 --- [restartedMain] t.m.c.ClassicmodelsApplication           : Started ClassicmodelsApplication in 3.223 seconds (JVM running for 3.841)
2021-04-21 11:56:54.837  INFO 130910 --- [RMI TCP Connection(10)-127.0.0.1] inMXBeanRegistrar$SpringApplicationAdmin : Application shutdown requested.
2021-04-21 11:56:54.869  INFO 130910 --- [RMI TCP Connection(10)-127.0.0.1] o.s.s.concurrent.ThreadPoolTaskExecutor  : Shutting down ExecutorService 'applicationTaskExecutor'
2021-04-21 11:56:54.870  INFO 130910 --- [RMI TCP Connection(10)-127.0.0.1] j.LocalContainerEntityManagerFactoryBean : Closing JPA EntityManagerFactory for persistence unit 'default'
2021-04-21 11:56:54.878  INFO 130910 --- [RMI TCP Connection(10)-127.0.0.1] com.zaxxer.hikari.HikariDataSource       : HikariPool-1 - Shutdown initiated...
2021-04-21 11:56:54.893  INFO 130910 --- [RMI TCP Connection(10)-127.0.0.1] com.zaxxer.hikari.HikariDataSource       : HikariPool-1 - Shutdown completed.
